<?xml version="1.0" encoding="UTF-8"?>
<!-- Generated by org.testng.reporters.JUnitXMLReporter -->
<testsuite hostname="Ashisk-kumar.local" ignored="4" name="Samsung M 20" tests="2" failures="0" timestamp="23 May 2020 16:35:08 GMT" time="120.491" errors="0">
  <testcase name="validateAppRegisteration" time="25.167" classname="com.app.tests.RegisterUserTests"/>
  <testcase name="validateHomePage" time="60.769" classname="com.app.tests.HomePageTests"/>
  <testcase name="@BeforeTest beforeTest" time="0.0" classname="com.app.BaseTest">
    <ignored/>
  </testcase> <!-- @BeforeTest beforeTest -->
  <testcase name="@AfterTest afterTest" time="0.0" classname="com.app.BaseTest">
    <ignored/>
  </testcase> <!-- @AfterTest afterTest -->
  <testcase name="@AfterSuite afterSuite" time="0.0" classname="com.app.BaseTest">
    <ignored/>
  </testcase> <!-- @AfterSuite afterSuite -->
  <testcase name="@BeforeSuite beforeSuite" time="0.0" classname="com.app.BaseTest">
    <ignored/>
  </testcase> <!-- @BeforeSuite beforeSuite -->
</testsuite> <!-- Samsung M 20 -->
